<?xml version="1.0" encoding="UTF-8"?>
<testsuite xmlns:xsi="http://www.w3.org/2001/XMLSchema-instance" xsi:noNamespaceSchemaLocation="https://maven.apache.org/surefire/maven-surefire-plugin/xsd/surefire-test-report-3.0.xsd" version="3.0" name="com.diciplina.Test_Diciplina.TestDiciplinaApplicationTests" time="6.231" tests="1" errors="0" skipped="0" failures="0">
  <properties>
[...]
</properties>
  <testcase name="contextLoads" classname="com.diciplina.Test_Diciplina.TestDiciplinaApplicationTests" time="0.51">
    <system-out><![CDATA[15:50:52.919 [main] INFO org.springframework.test.context.support.AnnotationConfigContextLoaderUtils -- Could not detect default configuration classes for test class [com.diciplina.Test_Diciplina.TestDiciplinaApplicationTests]: TestDiciplinaApplicationTests does not declare any static, non-private, non-final, nested classes annotated with @Configuration.
15:50:53.094 [main] INFO org.springframework.boot.test.context.SpringBootTestContextBootstrapper -- Found @SpringBootConfiguration com.diciplina.Test_Diciplina.TestDiciplinaApplication for test class com.diciplina.Test_Diciplina.TestDiciplinaApplicationTests

  .   ____          _            __ _ _
 /\\ / ___'_ __ _ _(_)_ __  __ _ \ \ \ \
( ( )\___ | '_ | '_| | '_ \/ _` | \ \ \ \
 \\/  ___)| |_)| | | | | || (_| |  ) ) ) )
  '  |____| .__|_| |_|_| |_\__, | / / / /
 =========|_|==============|___/=/_/_/_/

 :: Spring Boot ::               (v3.3.13)

2025-09-22T15:50:53.769-03:00  INFO 15224 --- [NinjaSystem] [           main] c.d.T.TestDiciplinaApplicationTests      : Starting TestDiciplinaApplicationTests using Java 22.0.2 with PID 15224 (started by luiz.vianna in C:\Users\luiz.vianna\Documents\Projetos\Test-Diciplina)
2025-09-22T15:50:53.769-03:00  INFO 15224 --- [NinjaSystem] [           main] c.d.T.TestDiciplinaApplicationTests      : The following 1 profile is active: "prod"
2025-09-22T15:50:54.849-03:00  INFO 15224 --- [NinjaSystem] [           main] .s.d.r.c.RepositoryConfigurationDelegate : Bootstrapping Spring Data JPA repositories in DEFAULT mode.
2025-09-22T15:50:54.939-03:00  INFO 15224 --- [NinjaSystem] [           main] .s.d.r.c.RepositoryConfigurationDelegate : Finished Spring Data repository scanning in 80 ms. Found 6 JPA repository interfaces.
2025-09-22T15:50:55.395-03:00  INFO 15224 --- [NinjaSystem] [           main] com.zaxxer.hikari.HikariDataSource       : HikariPool-1 - Starting...
2025-09-22T15:50:55.589-03:00  INFO 15224 --- [NinjaSystem] [           main] com.zaxxer.hikari.pool.HikariPool        : HikariPool-1 - Added connection conn0: url=jdbc:h2:mem:e8239818-a3b1-44cb-a607-bf2641cac63b user=SA
2025-09-22T15:50:55.589-03:00  INFO 15224 --- [NinjaSystem] [           main] com.zaxxer.hikari.HikariDataSource       : HikariPool-1 - Start completed.
2025-09-22T15:50:55.649-03:00  INFO 15224 --- [NinjaSystem] [           main] o.hibernate.jpa.internal.util.LogHelper  : HHH000204: Processing PersistenceUnitInfo [name: default]
2025-09-22T15:50:55.715-03:00  INFO 15224 --- [NinjaSystem] [           main] org.hibernate.Version                    : HHH000412: Hibernate ORM core version 6.5.3.Final
2025-09-22T15:50:55.769-03:00  INFO 15224 --- [NinjaSystem] [           main] o.h.c.internal.RegionFactoryInitiator    : HHH000026: Second-level cache disabled
2025-09-22T15:50:56.150-03:00  INFO 15224 --- [NinjaSystem] [           main] o.s.o.j.p.SpringPersistenceUnitInfo      : No LoadTimeWeaver setup: ignoring JPA class transformer
2025-09-22T15:50:57.300-03:00  INFO 15224 --- [NinjaSystem] [           main] o.h.e.t.j.p.i.JtaPlatformInitiator       : HHH000489: No JTA platform available (set 'hibernate.transaction.jta.platform' to enable JTA platform integration)
2025-09-22T15:50:57.370-03:00  INFO 15224 --- [NinjaSystem] [           main] j.LocalContainerEntityManagerFactoryBean : Initialized JPA EntityManagerFactory for persistence unit 'default'
2025-09-22T15:50:58.370-03:00  INFO 15224 --- [NinjaSystem] [           main] c.d.T.TestDiciplinaApplicationTests      : Started TestDiciplinaApplicationTests in 5.101 seconds (process running for 10.67)
]]></system-out>
    <system-err><![CDATA[WARNING: A Java agent has been loaded dynamically (C:\Users\luiz.vianna\.m2\repository\net\bytebuddy\byte-buddy-agent\1.14.19\byte-buddy-agent-1.14.19.jar)
WARNING: If a serviceability tool is in use, please run with -XX:+EnableDynamicAgentLoading to hide this warning
WARNING: If a serviceability tool is not in use, please run with -Djdk.instrument.traceUsage for more information
WARNING: Dynamic loading of agents will be disallowed by default in a future release
]]></system-err>
  </testcase>
</testsuite>